Arguments: 
  C:\Program Files\nodejs\node.exe C:\Users\NZXT\AppData\Roaming\npm\node_modules\yarn\bin\yarn.js

PATH: 
  C:\Users\NZXT\bin;C:\Program Files\Git\mingw64\bin;C:\Program Files\Git\usr\local\bin;C:\Program Files\Git\usr\bin;C:\Program Files\Git\usr\bin;C:\Program Files\Git\mingw64\bin;C:\Program Files\Git\usr\bin;C:\Users\NZXT\bin;C:\Program Files (x86)\Common Files\Intel\Shared Libraries\redist\intel64\compiler;C:\Program Files\Common Files\Oracle\Java\javapath;C:\Windows\system32;C:\Windows;C:\Windows\System32\Wbem;C:\Windows\System32\WindowsPowerShell\v1.0;C:\Windows\System32\OpenSSH;C:\Program Files\nodejs;C:\Program Files\Git\cmd;C:\Program Files\NVIDIA Corporation\NVIDIA NvDLISR;C:\Program Files (x86)\NVIDIA Corporation\PhysX\Common;C:\WINDOWS\system32;C:\WINDOWS;C:\WINDOWS\System32\Wbem;C:\WINDOWS\System32\WindowsPowerShell\v1.0;C:\WINDOWS\System32\OpenSSH;C:\Program Files\Docker\Docker\resources\bin;C:\Program Files\Cloudflare\Cloudflare WARP;C:\Users\NZXT\AppData\Local\Programs\Python\Python310\Scripts;C:\Users\NZXT\AppData\Local\Programs\Python\Python310;C:\Users\NZXT\AppData\Local\Microsoft\WindowsApps;C:\Users\NZXT\AppData\Local\Programs\Microsoft VS Code\bin;C:\Users\NZXT\AppData\Roaming\npm;D:\Softwares\PyCharm 2022.3.1\bin;C:\Program Files\Git\usr\bin\vendor_perl;C:\Program Files\Git\usr\bin\core_perl

Yarn version: 
  1.22.19

Node version: 
  16.16.0

Platform: 
  win32 x64

Trace: 
  Error: EPERM: operation not permitted, unlink 'C:\Users\NZXT\Desktop\git\Three.js-Portfolio\node_modules\@esbuild\win32-x64\esbuild.exe'

npm manifest: 
  {
    "name": "r3f-loading-animations",
    "private": true,
    "version": "0.0.0",
    "type": "module",
    "scripts": {
      "dev": "vite",
      "build": "vite build",
      "preview": "vite preview"
    },
    "dependencies": {
      "@react-three/drei": "^9.56.28",
      "@react-three/fiber": "^8.11.5",
      "@react-three/postprocessing": "^2.7.1",
      "gsap": "^3.11.5",
      "lamina": "^1.1.23",
      "react": "^18.2.0",
      "react-dom": "^18.2.0",
      "three": "^0.150.1"
    },
    "devDependencies": {
      "@types/react": "^18.0.27",
      "@types/react-dom": "^18.0.10",
      "@vitejs/plugin-react": "^3.1.0",
      "vite": "^4.1.0"
    }
  }

yarn manifest: 
  No manifest

Lockfile: 
  
